[{"stream_name":"stdout","time":12133.31304506,"data":"\n"}
,{"stream_name":"stdout","time":12133.314217078,"data":"Epoch 00035: val_loss did not improve from 0.02958\n"}
,{"stream_name":"stdout","time":12134.800568463,"data":"Score for fold 10: loss of 0.04711265116930008; accuracy of 98.82100820541382%\n"}
,{"stream_name":"stdout","time":12380.995105047,"data":"------------------------------------------------------------------------\n"}
,{"stream_name":"stdout","time":12380.995143849,"data":"Score per fold\n"}
,{"stream_name":"stdout","time":12380.995150777,"data":"------------------------------------------------------------------------\n"}
,{"stream_name":"stdout","time":12380.995156256,"data":"\u003e Fold 1 - Loss: 0.05012516677379608 - Accuracy: 98.50106835365295%\n"}
,{"stream_name":"stdout","time":12380.995161697,"data":"------------------------------------------------------------------------\n"}
,{"stream_name":"stdout","time":12380.995166836,"data":"\u003e Fold 2 - Loss: 0.06079428642988205 - Accuracy: 98.17987084388733%\n"}
,{"stream_name":"stdout","time":12380.995171886,"data":"------------------------------------------------------------------------\n"}
,{"stream_name":"stdout","time":12380.995176964,"data":"\u003e Fold 3 - Loss: 0.038542091846466064 - Accuracy: 98.71520400047302%\n"}
,{"stream_name":"stdout","time":12380.995182055,"data":"------------------------------------------------------------------------\n"}
,{"stream_name":"stdout","time":12380.995187204,"data":"\u003e Fold 4 - Loss: 0.03167417645454407 - Accuracy: 98.92933368682861%\n"}
,{"stream_name":"stdout","time":12380.995192299,"data":"------------------------------------------------------------------------\n"}
,{"stream_name":"stdout","time":12380.995197603,"data":"\u003e Fold 5 - Loss: 0.05522734671831131 - Accuracy: 98.28693866729736%\n"}
,{"stream_name":"stdout","time":12380.995203114,"data":"------------------------------------------------------------------------\n"}
,{"stream_name":"stdout","time":12380.995208496,"data":"\u003e Fold 6 - Loss: 0.09025346487760544 - Accuracy: 97.53747582435608%\n"}
,{"stream_name":"stdout","time":12380.995214243,"data":"------------------------------------------------------------------------\n"}
,{"stream_name":"stdout","time":12380.995219715,"data":"\u003e Fold 7 - Loss: 0.1017582044005394 - Accuracy: 97.32334017753601%\n"}
,{"stream_name":"stdout","time":12380.995225738,"data":"------------------------------------------------------------------------\n"}
,{"stream_name":"stdout","time":12380.995231047,"data":"\u003e Fold 8 - Loss: 0.07125657796859741 - Accuracy: 97.96574115753174%\n"}
,{"stream_name":"stdout","time":12380.995236042,"data":"------------------------------------------------------------------------\n"}
,{"stream_name":"stdout","time":12380.995241122,"data":"\u003e Fold 9 - Loss: 0.05259658396244049 - Accuracy: 98.0728030204773%\n"}
,{"stream_name":"stdout","time":12380.995246215,"data":"------------------------------------------------------------------------\n"}
,{"stream_name":"stdout","time":12380.995251208,"data":"\u003e Fold 10 - Loss: 0.04711265116930008 - Accuracy: 98.82100820541382%\n"}
,{"stream_name":"stdout","time":12380.995256119,"data":"------------------------------------------------------------------------\n"}
,{"stream_name":"stdout","time":12380.995261035,"data":"Average scores for all folds:\n"}
,{"stream_name":"stdout","time":12380.995265755,"data":"\u003e Accuracy: 98.23327839374542% (+- 0.005048833665326113)\n"}
,{"stream_name":"stdout","time":12380.995270637,"data":"\u003e Loss: 0.05993405506014824\n"}
,{"stream_name":"stdout","time":12380.995289989,"data":"------------------------------------------------------------------------\n"}
,{"stream_name":"stdout","time":12696.020775933,"data":"+---------------------------------------+\n"}
,{"stream_name":"stdout","time":12696.020869758,"data":"|       Performance of DenseNet169      |\n"}
,{"stream_name":"stdout","time":12696.020880878,"data":"| Metric   | Performance | St.Deviation |\n"}
,{"stream_name":"stdout","time":12696.020887126,"data":"| M-Class  |             |              |\n"}
,{"stream_name":"stdout","time":12696.020892947,"data":"| Acc      | 0.9823      | 0.005        |\n"}
,{"stream_name":"stdout","time":12696.020898923,"data":"| Loss     | 0.0599      | 0.021        |\n"}
,{"stream_name":"stdout","time":12696.020904871,"data":"| Macro F1 | 0.9406      | 0.0049       |\n"}
,{"stream_name":"stdout","time":12696.020923134,"data":"|          |             |              |\n"}
,{"stream_name":"stdout","time":12696.020931333,"data":"| B-Class  |             |              |\n"}
,{"stream_name":"stdout","time":12696.020937213,"data":"| TPR      | 0.9807      | 0.0054       |\n"}
,{"stream_name":"stdout","time":12696.02094325,"data":"| Acc      | 0.9872      | 0.0038       |\n"}
,{"stream_name":"stdout","time":12696.020949233,"data":"| F1       | 0.9834      | 0.0049       |\n"}
,{"stream_name":"stdout","time":12696.020954853,"data":"| MCC      | 0.9732      | 0.0079       |\n"}
,{"stream_name":"stderr","time":14318.85403496,"data":"/opt/conda/lib/python3.7/site-packages/traitlets/traitlets.py:2567: FutureWarning: --Exporter.preprocessors=[\"remove_papermill_header.RemovePapermillHeader\"] for containers is deprecated in traitlets 5.0. You can pass `--Exporter.preprocessors item` ... multiple times to add items to a list.\n"}
,{"stream_name":"stderr","time":14318.85407777,"data":"  FutureWarning,\n"}
,{"stream_name":"stderr","time":14318.85408707,"data":"[NbConvertApp] Converting notebook __notebook__.ipynb to notebook\n"}
,{"stream_name":"stderr","time":14700.987507799,"data":"[NbConvertApp] Writing 1117924 bytes to __notebook__.ipynb\n"}
,{"stream_name":"stderr","time":14703.611782872,"data":"/opt/conda/lib/python3.7/site-packages/traitlets/traitlets.py:2567: FutureWarning: --Exporter.preprocessors=[\"nbconvert.preprocessors.ExtractOutputPreprocessor\"] for containers is deprecated in traitlets 5.0. You can pass `--Exporter.preprocessors item` ... multiple times to add items to a list.\n"}
,{"stream_name":"stderr","time":14703.611824233,"data":"  FutureWarning,\n"}
,{"stream_name":"stderr","time":14703.611831886,"data":"[NbConvertApp] Converting notebook __notebook__.ipynb to html\n"}
,{"stream_name":"stderr","time":14705.011404206,"data":"[NbConvertApp] Support files will be in __results___files/\n"}
,{"stream_name":"stderr","time":14705.011580637,"data":"[NbConvertApp] Making directory __results___files\n"}
,{"stream_name":"stderr","time":14705.012318393,"data":"[NbConvertApp] Making directory __results___files\n"}
,{"stream_name":"stderr","time":14705.012521555,"data":"[NbConvertApp] Making directory __results___files\n"}
,{"stream_name":"stderr","time":14705.012771732,"data":"[NbConvertApp] Making directory __results___files\n"}
,{"stream_name":"stderr","time":14705.013029545,"data":"[NbConvertApp] Making directory __results___files\n"}
,{"stream_name":"stderr","time":14705.013316577,"data":"[NbConvertApp] Making directory __results___files\n"}
,{"stream_name":"stderr","time":14705.01352581,"data":"[NbConvertApp] Making directory __results___files\n"}
,{"stream_name":"stderr","time":14705.013753327,"data":"[NbConvertApp] Making directory __results___files\n"}
,{"stream_name":"stderr","time":14705.013972299,"data":"[NbConvertApp] Making directory __results___files\n"}
,{"stream_name":"stderr","time":14705.014255855,"data":"[NbConvertApp] Making directory __results___files\n"}
,{"stream_name":"stderr","time":14705.014484776,"data":"[NbConvertApp] Making directory __results___files\n"}
,{"stream_name":"stderr","time":14705.014702407,"data":"[NbConvertApp] Making directory __results___files\n"}
,{"stream_name":"stderr","time":14705.014939803,"data":"[NbConvertApp] Making directory __results___files\n"}
,{"stream_name":"stderr","time":14705.015304111,"data":"[NbConvertApp] Making directory __results___files\n"}
,{"stream_name":"stderr","time":14705.015622608,"data":"[NbConvertApp] Making directory __results___files\n"}
,{"stream_name":"stderr","time":14705.015815881,"data":"[NbConvertApp] Making directory __results___files\n"}
,{"stream_name":"stderr","time":14705.01610104,"data":"[NbConvertApp] Making directory __results___files\n"}
,{"stream_name":"stderr","time":14705.016456596,"data":"[NbConvertApp] Writing 466791 bytes to __results__.html\n"}
]