[{"stream_name":"stderr","time":17.597223094,"data":"/opt/conda/lib/python3.7/site-packages/papermill/iorw.py:50: FutureWarning: pyarrow.HadoopFileSystem is deprecated as of 2.0.0, please use pyarrow.fs.HadoopFileSystem instead.\n"}
,{"stream_name":"stderr","time":17.597272372,"data":"  from pyarrow import HadoopFileSystem\n"}
,{"stream_name":"stdout","time":17.76242703,"data":"Computation environment: Local\n"}
,{"stream_name":"stderr","time":21.459278252,"data":"Traceback (most recent call last):\n"}
,{"stream_name":"stderr","time":21.459324765,"data":"  File \"\u003cstring\u003e\", line 1, in \u003cmodule\u003e\n"}
,{"stream_name":"stderr","time":21.459338207,"data":"  File \"/opt/conda/lib/python3.7/site-packages/papermill/execute.py\", line 122, in execute_notebook\n"}
,{"stream_name":"stderr","time":21.45934618,"data":"    raise_for_execution_errors(nb, output_path)\n"}
,{"stream_name":"stderr","time":21.459351691,"data":"  File \"/opt/conda/lib/python3.7/site-packages/papermill/execute.py\", line 234, in raise_for_execution_errors\n"}
,{"stream_name":"stderr","time":21.459365029,"data":"    raise error\n"}
,{"stream_name":"stderr","time":21.459370696,"data":"papermill.exceptions.PapermillExecutionError: \n"}
,{"stream_name":"stderr","time":21.459375976,"data":"---------------------------------------------------------------------------\n"}
,{"stream_name":"stderr","time":21.459381595,"data":"Exception encountered at \"In [4]\":\n"}
,{"stream_name":"stderr","time":21.459386923,"data":"---------------------------------------------------------------------------\n"}
,{"stream_name":"stderr","time":21.459392306,"data":"FileNotFoundError                         Traceback (most recent call last)\n"}
,{"stream_name":"stderr","time":21.459397539,"data":"/tmp/ipykernel_24/1097439.py in \u003cmodule\u003e\n"}
,{"stream_name":"stderr","time":21.459402621,"data":"      3     vnum = 1\n"}
,{"stream_name":"stderr","time":21.45940773,"data":"      4     dir = \"C:/Users/Max/Documents/GitHub/ResNet\"\n"}
,{"stream_name":"stderr","time":21.459417284,"data":"----\u003e 5     for files in os.listdir(dir):\n"}
,{"stream_name":"stderr","time":21.459427378,"data":"      6         if \"ResNet\" in files:\n"}
,{"stream_name":"stderr","time":21.459433037,"data":"      7             try:\n"}
,{"stream_name":"stderr","time":21.459438386,"data":"\n"}
,{"stream_name":"stderr","time":21.459443649,"data":"FileNotFoundError: [Errno 2] No such file or directory: 'C:/Users/Max/Documents/GitHub/ResNet'\n"}
,{"stream_name":"stderr","time":21.45944906,"data":"\n"}
,{"stream_name":"stderr","time":23.6946086,"data":"/opt/conda/lib/python3.7/site-packages/traitlets/traitlets.py:2567: FutureWarning: --Exporter.preprocessors=[\"remove_papermill_header.RemovePapermillHeader\"] for containers is deprecated in traitlets 5.0. You can pass `--Exporter.preprocessors item` ... multiple times to add items to a list.\n"}
,{"stream_name":"stderr","time":23.694652526,"data":"  FutureWarning,\n"}
,{"stream_name":"stderr","time":23.694660202,"data":"[NbConvertApp] Converting notebook __notebook__.ipynb to notebook\n"}
,{"stream_name":"stderr","time":24.384627207,"data":"[NbConvertApp] Writing 35187 bytes to __notebook__.ipynb\n"}
,{"stream_name":"stderr","time":26.36719295,"data":"/opt/conda/lib/python3.7/site-packages/traitlets/traitlets.py:2567: FutureWarning: --Exporter.preprocessors=[\"nbconvert.preprocessors.ExtractOutputPreprocessor\"] for containers is deprecated in traitlets 5.0. You can pass `--Exporter.preprocessors item` ... multiple times to add items to a list.\n"}
,{"stream_name":"stderr","time":26.36729415,"data":"  FutureWarning,\n"}
,{"stream_name":"stderr","time":26.36741483,"data":"[NbConvertApp] Converting notebook __notebook__.ipynb to html\n"}
,{"stream_name":"stderr","time":27.276201384,"data":"[NbConvertApp] Writing 351279 bytes to __results__.html\n"}
]